<?xml version="1.0" encoding="UTF-8"?>
<testsuite xmlns:xsi="http://www.w3.org/2001/XMLSchema-instance" xsi:noNamespaceSchemaLocation="https://maven.apache.org/surefire/maven-surefire-plugin/xsd/surefire-test-report-3.0.xsd" version="3.0" name="TestSuite" time="0.687" tests="1" errors="0" skipped="0" failures="0">
  <properties>
    <property name="java.specification.version" value="18"/>
    <property name="sun.cpu.isalist" value="amd64"/>
    <property name="sun.jnu.encoding" value="Cp1252"/>
    <property name="java.class.path" value="C:\Users\jrueda\OneDrive - ENDAVA\Documents\Testing\Testeo\0. Challenges\6. Test Framework\AutomationBase\target\test-classes;C:\Users\jrueda\OneDrive - ENDAVA\Documents\Testing\Testeo\0. Challenges\6. Test Framework\AutomationBase\target\classes;C:\Users\jrueda\.m2\repository\org\testng\testng\7.6.1\testng-7.6.1.jar;C:\Users\jrueda\.m2\repository\com\google\code\findbugs\jsr305\3.0.2\jsr305-3.0.2.jar;C:\Users\jrueda\.m2\repository\org\slf4j\slf4j-api\1.7.36\slf4j-api-1.7.36.jar;C:\Users\jrueda\.m2\repository\com\beust\jcommander\1.82\jcommander-1.82.jar;C:\Users\jrueda\.m2\repository\org\webjars\jquery\3.6.0\jquery-3.6.0.jar;"/>
    <property name="java.vm.vendor" value="Oracle Corporation"/>
    <property name="sun.arch.data.model" value="64"/>
    <property name="user.variant" value=""/>
    <property name="java.vendor.url" value="https://java.oracle.com/"/>
    <property name="user.timezone" value="America/Bogota"/>
    <property name="os.name" value="Windows 10"/>
    <property name="java.vm.specification.version" value="18"/>
    <property name="sun.java.launcher" value="SUN_STANDARD"/>
    <property name="user.country" value="US"/>
    <property name="sun.boot.library.path" value="C:\Users\jrueda\Downloads\jdk-18_windows-x64_bin\jdk-18.0.2.1\bin"/>
    <property name="sun.java.command" value="C:\Users\jrueda\AppData\Local\Temp\surefire10677450328451487548\surefirebooter-20220907125928810_3.jar C:\Users\jrueda\AppData\Local\Temp\surefire10677450328451487548 2022-09-07T12-59-28_252-jvmRun1 surefire-20220907125928810_1tmp surefire_0-20220907125928810_2tmp"/>
    <property name="jdk.debug" value="release"/>
    <property name="surefire.test.class.path" value="C:\Users\jrueda\OneDrive - ENDAVA\Documents\Testing\Testeo\0. Challenges\6. Test Framework\AutomationBase\target\test-classes;C:\Users\jrueda\OneDrive - ENDAVA\Documents\Testing\Testeo\0. Challenges\6. Test Framework\AutomationBase\target\classes;C:\Users\jrueda\.m2\repository\org\testng\testng\7.6.1\testng-7.6.1.jar;C:\Users\jrueda\.m2\repository\com\google\code\findbugs\jsr305\3.0.2\jsr305-3.0.2.jar;C:\Users\jrueda\.m2\repository\org\slf4j\slf4j-api\1.7.36\slf4j-api-1.7.36.jar;C:\Users\jrueda\.m2\repository\com\beust\jcommander\1.82\jcommander-1.82.jar;C:\Users\jrueda\.m2\repository\org\webjars\jquery\3.6.0\jquery-3.6.0.jar;"/>
    <property name="sun.cpu.endian" value="little"/>
    <property name="user.home" value="C:\Users\jrueda"/>
    <property name="user.language" value="en"/>
    <property name="java.specification.vendor" value="Oracle Corporation"/>
    <property name="java.version.date" value="2022-08-18"/>
    <property name="java.home" value="C:\Users\jrueda\Downloads\jdk-18_windows-x64_bin\jdk-18.0.2.1"/>
    <property name="file.separator" value="\"/>
    <property name="basedir" value="C:\Users\jrueda\OneDrive - ENDAVA\Documents\Testing\Testeo\0. Challenges\6. Test Framework\AutomationBase"/>
    <property name="java.vm.compressedOopsMode" value="Zero based"/>
    <property name="line.separator" value="&#10;"/>
    <property name="java.vm.specification.vendor" value="Oracle Corporation"/>
    <property name="java.specification.name" value="Java Platform API Specification"/>
    <property name="surefire.real.class.path" value="C:\Users\jrueda\AppData\Local\Temp\surefire10677450328451487548\surefirebooter-20220907125928810_3.jar"/>
    <property name="user.script" value=""/>
    <property name="sun.management.compiler" value="HotSpot 64-Bit Tiered Compilers"/>
    <property name="java.runtime.version" value="18.0.2.1+1-1"/>
    <property name="user.name" value="jrueda"/>
    <property name="path.separator" value=";"/>
    <property name="os.version" value="10.0"/>
    <property name="java.runtime.name" value="Java(TM) SE Runtime Environment"/>
    <property name="file.encoding" value="UTF-8"/>
    <property name="java.vm.name" value="Java HotSpot(TM) 64-Bit Server VM"/>
    <property name="localRepository" value="C:\Users\jrueda\.m2\repository"/>
    <property name="java.vendor.url.bug" value="https://bugreport.java.com/bugreport/"/>
    <property name="java.io.tmpdir" value="C:\Users\jrueda\AppData\Local\Temp\"/>
    <property name="java.version" value="18.0.2.1"/>
    <property name="user.dir" value="C:\Users\jrueda\OneDrive - ENDAVA\Documents\Testing\Testeo\0. Challenges\6. Test Framework\AutomationBase"/>
    <property name="os.arch" value="amd64"/>
    <property name="java.vm.specification.name" value="Java Virtual Machine Specification"/>
    <property name="sun.os.patch.level" value=""/>
    <property name="native.encoding" value="Cp1252"/>
    <property name="java.library.path" value="C:\Users\jrueda\Downloads\jdk-18_windows-x64_bin\jdk-18.0.2.1\bin;C:\WINDOWS\Sun\Java\bin;C:\WINDOWS\system32;C:\WINDOWS;C:\WINDOWS\system32;C:\WINDOWS;C:\WINDOWS\System32\Wbem;C:\WINDOWS\System32\WindowsPowerShell\v1.0\;C:\WINDOWS\System32\OpenSSH\;C:\Program Files\Intel\WiFi\bin\;C:\Program Files\Common Files\Intel\WirelessCommon\;C:\Program Files\Git\cmd;C:\Users\jrueda\Downloads\jdk-18_windows-x64_bin\jdk-18.0.2.1\bin;C:\Users\jrueda\Downloads\apache-maven-3.8.6-bin\apache-maven-3.8.6\bin;C:\Users\jrueda\AppData\Local\Microsoft\WindowsApps;;C:\Users\jrueda\AppData\Local\Programs\Microsoft VS Code\bin;."/>
    <property name="java.vm.info" value="mixed mode, sharing"/>
    <property name="java.vendor" value="Oracle Corporation"/>
    <property name="java.vm.version" value="18.0.2.1+1-1"/>
    <property name="sun.io.unicode.encoding" value="UnicodeLittle"/>
    <property name="java.class.version" value="62.0"/>
  </properties>
  <testcase name="test1" classname="DummyTest" time="0.008">
    <system-err><![CDATA[SLF4J: Failed to load class "org.slf4j.impl.StaticLoggerBinder".
SLF4J: Defaulting to no-operation (NOP) logger implementation
SLF4J: See http://www.slf4j.org/codes.html#StaticLoggerBinder for further details.
]]></system-err>
  </testcase>
</testsuite>