<?xml version="1.0" encoding="UTF-8"?>
<!-- Generated by org.testng.reporters.JUnitReportReporter -->
<testsuite hostname="EN911241" failures="0" tests="1" name="DummyTest" time="0.088" errors="0" timestamp="2022-09-08T17:03:44 COT" skipped="0">
  <testcase classname="DummyTest" name="IndependentNewActionMovieTest" time="0.088"/>
  <system-out/>
</testsuite> <!-- DummyTest -->
