<?xml version="1.0" encoding="UTF-8"?>
<!-- Generated by org.testng.reporters.JUnitReportReporter -->
<testsuite hostname="EN911241" failures="0" tests="2" name="DummyTest" time="0.075" errors="0" timestamp="2022-09-07T15:45:19 COT" skipped="0">
  <testcase classname="DummyTest" name="SumTest" time="0.004"/>
  <system-out/>
  <testcase classname="DummyTest" name="IndependentNewActionMovieTest" time="0.071"/>
  <system-out/>
</testsuite> <!-- DummyTest -->
