<?xml version="1.0" encoding="UTF-8"?>
<!-- Generated by org.testng.reporters.JUnitReportReporter -->
<testsuite hostname="EN911241" failures="0" tests="1" name="DummyTest" time="0.074" errors="0" timestamp="2022-09-07T15:08:44 COT" skipped="0">
  <testcase classname="DummyTest" name="test1" time="0.074"/>
  <system-out/>
</testsuite> <!-- DummyTest -->
